[20-Sep-2024 14:16:06 UTC] PHP Warning:  require(PHPMailer-master/src/PHPMailer.php): Failed to open stream: No such file or directory in /srv/disk9/4528675/www/trashsurebin.onlinewebshop.net/redeem_reward.php on line 34
[20-Sep-2024 14:16:06 UTC] PHP Fatal error:  Uncaught Error: Failed opening required 'PHPMailer-master/src/PHPMailer.php' (include_path='.:/usr/local/php-8.2.23/share/pear') in /srv/disk9/4528675/www/trashsurebin.onlinewebshop.net/redeem_reward.php:34
Stack trace:
#0 {main}
  thrown in /srv/disk9/4528675/www/trashsurebin.onlinewebshop.net/redeem_reward.php on line 34
[20-Sep-2024 14:17:22 UTC] PHP Warning:  require(PHPMailer-master/src/PHPMailer.php): Failed to open stream: No such file or directory in /srv/disk9/4528675/www/trashsurebin.onlinewebshop.net/redeem_reward.php on line 34
[20-Sep-2024 14:17:22 UTC] PHP Fatal error:  Uncaught Error: Failed opening required 'PHPMailer-master/src/PHPMailer.php' (include_path='.:/usr/local/php-8.2.23/share/pear') in /srv/disk9/4528675/www/trashsurebin.onlinewebshop.net/redeem_reward.php:34
Stack trace:
#0 {main}
  thrown in /srv/disk9/4528675/www/trashsurebin.onlinewebshop.net/redeem_reward.php on line 34
[20-Sep-2024 14:17:25 UTC] PHP Warning:  require(PHPMailer-master/src/PHPMailer.php): Failed to open stream: No such file or directory in /srv/disk9/4528675/www/trashsurebin.onlinewebshop.net/redeem_reward.php on line 34
[20-Sep-2024 14:17:25 UTC] PHP Fatal error:  Uncaught Error: Failed opening required 'PHPMailer-master/src/PHPMailer.php' (include_path='.:/usr/local/php-8.2.23/share/pear') in /srv/disk9/4528675/www/trashsurebin.onlinewebshop.net/redeem_reward.php:34
Stack trace:
#0 {main}
  thrown in /srv/disk9/4528675/www/trashsurebin.onlinewebshop.net/redeem_reward.php on line 34
[20-Sep-2024 14:17:27 UTC] PHP Warning:  require(PHPMailer-master/src/PHPMailer.php): Failed to open stream: No such file or directory in /srv/disk9/4528675/www/trashsurebin.onlinewebshop.net/redeem_reward.php on line 34
[20-Sep-2024 14:17:27 UTC] PHP Fatal error:  Uncaught Error: Failed opening required 'PHPMailer-master/src/PHPMailer.php' (include_path='.:/usr/local/php-8.2.23/share/pear') in /srv/disk9/4528675/www/trashsurebin.onlinewebshop.net/redeem_reward.php:34
Stack trace:
#0 {main}
  thrown in /srv/disk9/4528675/www/trashsurebin.onlinewebshop.net/redeem_reward.php on line 34
[20-Sep-2024 14:17:28 UTC] PHP Warning:  require(PHPMailer-master/src/PHPMailer.php): Failed to open stream: No such file or directory in /srv/disk9/4528675/www/trashsurebin.onlinewebshop.net/redeem_reward.php on line 34
[20-Sep-2024 14:17:28 UTC] PHP Fatal error:  Uncaught Error: Failed opening required 'PHPMailer-master/src/PHPMailer.php' (include_path='.:/usr/local/php-8.2.23/share/pear') in /srv/disk9/4528675/www/trashsurebin.onlinewebshop.net/redeem_reward.php:34
Stack trace:
#0 {main}
  thrown in /srv/disk9/4528675/www/trashsurebin.onlinewebshop.net/redeem_reward.php on line 34
[20-Sep-2024 14:17:28 UTC] PHP Warning:  require(PHPMailer-master/src/PHPMailer.php): Failed to open stream: No such file or directory in /srv/disk9/4528675/www/trashsurebin.onlinewebshop.net/redeem_reward.php on line 34
[20-Sep-2024 14:17:28 UTC] PHP Fatal error:  Uncaught Error: Failed opening required 'PHPMailer-master/src/PHPMailer.php' (include_path='.:/usr/local/php-8.2.23/share/pear') in /srv/disk9/4528675/www/trashsurebin.onlinewebshop.net/redeem_reward.php:34
Stack trace:
#0 {main}
  thrown in /srv/disk9/4528675/www/trashsurebin.onlinewebshop.net/redeem_reward.php on line 34
[20-Sep-2024 14:17:30 UTC] PHP Warning:  require(PHPMailer-master/src/PHPMailer.php): Failed to open stream: No such file or directory in /srv/disk9/4528675/www/trashsurebin.onlinewebshop.net/redeem_reward.php on line 34
[20-Sep-2024 14:17:30 UTC] PHP Fatal error:  Uncaught Error: Failed opening required 'PHPMailer-master/src/PHPMailer.php' (include_path='.:/usr/local/php-8.2.23/share/pear') in /srv/disk9/4528675/www/trashsurebin.onlinewebshop.net/redeem_reward.php:34
Stack trace:
#0 {main}
  thrown in /srv/disk9/4528675/www/trashsurebin.onlinewebshop.net/redeem_reward.php on line 34
[20-Sep-2024 14:17:40 UTC] PHP Warning:  require(PHPMailer-master/src/PHPMailer.php): Failed to open stream: No such file or directory in /srv/disk9/4528675/www/trashsurebin.onlinewebshop.net/redeem_reward.php on line 34
[20-Sep-2024 14:17:40 UTC] PHP Fatal error:  Uncaught Error: Failed opening required 'PHPMailer-master/src/PHPMailer.php' (include_path='.:/usr/local/php-8.2.23/share/pear') in /srv/disk9/4528675/www/trashsurebin.onlinewebshop.net/redeem_reward.php:34
Stack trace:
#0 {main}
  thrown in /srv/disk9/4528675/www/trashsurebin.onlinewebshop.net/redeem_reward.php on line 34
[20-Sep-2024 14:17:59 UTC] PHP Warning:  require(PHPMailer-master/src/PHPMailer.php): Failed to open stream: No such file or directory in /srv/disk9/4528675/www/trashsurebin.onlinewebshop.net/redeem_reward.php on line 34
[20-Sep-2024 14:17:59 UTC] PHP Fatal error:  Uncaught Error: Failed opening required 'PHPMailer-master/src/PHPMailer.php' (include_path='.:/usr/local/php-8.2.23/share/pear') in /srv/disk9/4528675/www/trashsurebin.onlinewebshop.net/redeem_reward.php:34
Stack trace:
#0 {main}
  thrown in /srv/disk9/4528675/www/trashsurebin.onlinewebshop.net/redeem_reward.php on line 34
[20-Sep-2024 14:18:00 UTC] PHP Warning:  require(PHPMailer-master/src/PHPMailer.php): Failed to open stream: No such file or directory in /srv/disk9/4528675/www/trashsurebin.onlinewebshop.net/redeem_reward.php on line 34
[20-Sep-2024 14:18:00 UTC] PHP Fatal error:  Uncaught Error: Failed opening required 'PHPMailer-master/src/PHPMailer.php' (include_path='.:/usr/local/php-8.2.23/share/pear') in /srv/disk9/4528675/www/trashsurebin.onlinewebshop.net/redeem_reward.php:34
Stack trace:
#0 {main}
  thrown in /srv/disk9/4528675/www/trashsurebin.onlinewebshop.net/redeem_reward.php on line 34
[20-Sep-2024 14:18:09 UTC] PHP Warning:  require(PHPMailer-master/src/PHPMailer.php): Failed to open stream: No such file or directory in /srv/disk9/4528675/www/trashsurebin.onlinewebshop.net/redeem_reward.php on line 34
[20-Sep-2024 14:18:09 UTC] PHP Fatal error:  Uncaught Error: Failed opening required 'PHPMailer-master/src/PHPMailer.php' (include_path='.:/usr/local/php-8.2.23/share/pear') in /srv/disk9/4528675/www/trashsurebin.onlinewebshop.net/redeem_reward.php:34
Stack trace:
#0 {main}
  thrown in /srv/disk9/4528675/www/trashsurebin.onlinewebshop.net/redeem_reward.php on line 34
[20-Sep-2024 14:19:09 UTC] PHP Warning:  require(PHPMailer-master/src/PHPMailer.php): Failed to open stream: No such file or directory in /srv/disk9/4528675/www/trashsurebin.onlinewebshop.net/redeem_reward.php on line 34
[20-Sep-2024 14:19:09 UTC] PHP Fatal error:  Uncaught Error: Failed opening required 'PHPMailer-master/src/PHPMailer.php' (include_path='.:/usr/local/php-8.2.23/share/pear') in /srv/disk9/4528675/www/trashsurebin.onlinewebshop.net/redeem_reward.php:34
Stack trace:
#0 {main}
  thrown in /srv/disk9/4528675/www/trashsurebin.onlinewebshop.net/redeem_reward.php on line 34
[20-Sep-2024 14:22:02 UTC] PHP Warning:  require(PHPMailer-master/src/PHPMailer.php): Failed to open stream: No such file or directory in /srv/disk9/4528675/www/trashsurebin.onlinewebshop.net/redeem_reward.php on line 34
[20-Sep-2024 14:22:02 UTC] PHP Fatal error:  Uncaught Error: Failed opening required 'PHPMailer-master/src/PHPMailer.php' (include_path='.:/usr/local/php-8.2.23/share/pear') in /srv/disk9/4528675/www/trashsurebin.onlinewebshop.net/redeem_reward.php:34
Stack trace:
#0 {main}
  thrown in /srv/disk9/4528675/www/trashsurebin.onlinewebshop.net/redeem_reward.php on line 34
[20-Sep-2024 14:22:03 UTC] PHP Warning:  require(PHPMailer-master/src/PHPMailer.php): Failed to open stream: No such file or directory in /srv/disk9/4528675/www/trashsurebin.onlinewebshop.net/redeem_reward.php on line 34
[20-Sep-2024 14:22:03 UTC] PHP Fatal error:  Uncaught Error: Failed opening required 'PHPMailer-master/src/PHPMailer.php' (include_path='.:/usr/local/php-8.2.23/share/pear') in /srv/disk9/4528675/www/trashsurebin.onlinewebshop.net/redeem_reward.php:34
Stack trace:
#0 {main}
  thrown in /srv/disk9/4528675/www/trashsurebin.onlinewebshop.net/redeem_reward.php on line 34
[20-Sep-2024 14:22:05 UTC] PHP Warning:  require(PHPMailer-master/src/PHPMailer.php): Failed to open stream: No such file or directory in /srv/disk9/4528675/www/trashsurebin.onlinewebshop.net/redeem_reward.php on line 34
[20-Sep-2024 14:22:05 UTC] PHP Fatal error:  Uncaught Error: Failed opening required 'PHPMailer-master/src/PHPMailer.php' (include_path='.:/usr/local/php-8.2.23/share/pear') in /srv/disk9/4528675/www/trashsurebin.onlinewebshop.net/redeem_reward.php:34
Stack trace:
#0 {main}
  thrown in /srv/disk9/4528675/www/trashsurebin.onlinewebshop.net/redeem_reward.php on line 34
